# JRE version: Java(TM) SE Runtime Environment (8.0_301-b09) (build 1.8.0_301-b09)
# Java VM: Java HotSpot(TM) 64-Bit Server VM (25.301-b09 mixed mode windows-amd64 compressed oops)
Heap:
 PSYoungGen      total 75776K, used 18462K [0x000000076be00000, 0x0000000771280000, 0x00000007c0000000)
  eden space 65024K, 15% used [0x000000076be00000,0x000000076c7d4bc0,0x000000076fd80000)
  from space 10752K, 78% used [0x000000076fd80000,0x00000007705b2f70,0x0000000770800000)
  to   space 10752K, 0% used [0x0000000770800000,0x0000000770800000,0x0000000771280000)
 ParOldGen       total 173568K, used 32K [0x00000006c3a00000, 0x00000006ce380000, 0x000000076be00000)
  object space 173568K, 0% used [0x00000006c3a00000,0x00000006c3a08000,0x00000006ce380000)
 Metaspace       used 19080K, capacity 20030K, committed 20224K, reserved 1067008K
  class space    used 2541K, capacity 2744K, committed 2816K, reserved 1048576K
GC Heap History (6 events):
Event: 0.903 GC heap before
{Heap before GC invocations=1 (full 0):
 PSYoungGen      total 75776K, used 65006K [0x000000076be00000, 0x0000000771280000, 0x00000007c0000000)
  eden space 65024K, 99% used [0x000000076be00000,0x000000076fd7bb18,0x000000076fd80000)
  from space 10752K, 0% used [0x0000000770800000,0x0000000770800000,0x0000000771280000)
  to   space 10752K, 0% used [0x000000076fd80000,0x000000076fd80000,0x0000000770800000)
 ParOldGen       total 173568K, used 0K [0x00000006c3a00000, 0x00000006ce380000, 0x000000076be00000)
  object space 173568K, 0% used [0x00000006c3a00000,0x00000006c3a00000,0x00000006ce380000)
 Metaspace       used 8076K, capacity 8312K, committed 8576K, reserved 1056768K
  class space    used 938K, capacity 1028K, committed 1152K, reserved 1048576K
Event: 0.907 GC heap after
Heap after GC invocations=1 (full 0):
 PSYoungGen      total 75776K, used 4466K [0x000000076be00000, 0x0000000771280000, 0x00000007c0000000)
  eden space 65024K, 0% used [0x000000076be00000,0x000000076be00000,0x000000076fd80000)
  from space 10752K, 41% used [0x000000076fd80000,0x00000007701dc818,0x0000000770800000)
  to   space 10752K, 0% used [0x0000000770800000,0x0000000770800000,0x0000000771280000)
 ParOldGen       total 173568K, used 8K [0x00000006c3a00000, 0x00000006ce380000, 0x000000076be00000)
  object space 173568K, 0% used [0x00000006c3a00000,0x00000006c3a02000,0x00000006ce380000)
 Metaspace       used 8076K, capacity 8312K, committed 8576K, reserved 1056768K
  class space    used 938K, capacity 1028K, committed 1152K, reserved 1048576K
}
Event: 1.720 GC heap before
{Heap before GC invocations=2 (full 0):
 PSYoungGen      total 75776K, used 69490K [0x000000076be00000, 0x0000000771280000, 0x00000007c0000000)
  eden space 65024K, 100% used [0x000000076be00000,0x000000076fd80000,0x000000076fd80000)
  from space 10752K, 41% used [0x000000076fd80000,0x00000007701dc818,0x0000000770800000)
  to   space 10752K, 0% used [0x0000000770800000,0x0000000770800000,0x0000000771280000)
 ParOldGen       total 173568K, used 8K [0x00000006c3a00000, 0x00000006ce380000, 0x000000076be00000)
  object space 173568K, 0% used [0x00000006c3a00000,0x00000006c3a02000,0x00000006ce380000)
 Metaspace       used 14463K, capacity 15168K, committed 15360K, reserved 1062912K
  class space    used 1800K, capacity 1963K, committed 2048K, reserved 1048576K
Event: 1.727 GC heap after
Heap after GC invocations=2 (full 0):
 PSYoungGen      total 75776K, used 8444K [0x000000076be00000, 0x0000000771280000, 0x00000007c0000000)
  eden space 65024K, 0% used [0x000000076be00000,0x000000076be00000,0x000000076fd80000)
  from space 10752K, 78% used [0x0000000770800000,0x000000077103f1c8,0x0000000771280000)
  to   space 10752K, 0% used [0x000000076fd80000,0x000000076fd80000,0x0000000770800000)
 ParOldGen       total 173568K, used 24K [0x00000006c3a00000, 0x00000006ce380000, 0x000000076be00000)
  object space 173568K, 0% used [0x00000006c3a00000,0x00000006c3a06000,0x00000006ce380000)
 Metaspace       used 14463K, capacity 15168K, committed 15360K, reserved 1062912K
  class space    used 1800K, capacity 1963K, committed 2048K, reserved 1048576K
}
Event: 2.076 GC heap before
{Heap before GC invocations=3 (full 0):
 PSYoungGen      total 75776K, used 73468K [0x000000076be00000, 0x0000000771280000, 0x00000007c0000000)
  eden space 65024K, 100% used [0x000000076be00000,0x000000076fd80000,0x000000076fd80000)
  from space 10752K, 78% used [0x0000000770800000,0x000000077103f1c8,0x0000000771280000)
  to   space 10752K, 0% used [0x000000076fd80000,0x000000076fd80000,0x0000000770800000)
 ParOldGen       total 173568K, used 24K [0x00000006c3a00000, 0x00000006ce380000, 0x000000076be00000)
  object space 173568K, 0% used [0x00000006c3a00000,0x00000006c3a06000,0x00000006ce380000)
 Metaspace       used 18559K, capacity 19472K, committed 19584K, reserved 1067008K
  class space    used 2463K, capacity 2673K, committed 2688K, reserved 1048576K
Event: 2.085 GC heap after
Heap after GC invocations=3 (full 0):
 PSYoungGen      total 75776K, used 8395K [0x000000076be00000, 0x0000000771280000, 0x00000007c0000000)
  eden space 65024K, 0% used [0x000000076be00000,0x000000076be00000,0x000000076fd80000)
  from space 10752K, 78% used [0x000000076fd80000,0x00000007705b2f70,0x0000000770800000)
  to   space 10752K, 0% used [0x0000000770800000,0x0000000770800000,0x0000000771280000)
 ParOldGen       total 173568K, used 32K [0x00000006c3a00000, 0x00000006ce380000, 0x000000076be00000)
  object space 173568K, 0% used [0x00000006c3a00000,0x00000006c3a08000,0x00000006ce380000)
 Metaspace       used 18559K, capacity 19472K, committed 19584K, reserved 1067008K
  class space    used 2463K, capacity 2673K, committed 2688K, reserved 1048576K
}

